
Showing logs for build [32mcb-kubecd-environment-pr-74-4-b-t94lq-1[0m stage [32mfrom-build-pack[0m and container [32mstep-credential-initializer-27rbd[0m
{"level":"warn","ts":1574418192.569748,"logger":"fallback-logger","caller":"logging/config.go:69","msg":"Fetch GitHub commit ID from kodata failed: \"ref: refs/heads/master\" is not a valid GitHub commit ID"}
{"level":"info","ts":1574418192.570889,"logger":"fallback-logger","caller":"creds-init/main.go:40","msg":"Credentials initialized."}

Showing logs for build [32mcb-kubecd-environment-pr-74-4-b-t94lq-1[0m stage [32mfrom-build-pack[0m and container [32mstep-working-dir-initializer-wq6z4[0m
{"level":"warn","ts":1574418193.4608445,"logger":"fallback-logger","caller":"logging/config.go:69","msg":"Fetch GitHub commit ID from kodata failed: open /var/run/ko/HEAD: no such file or directory"}
{"level":"info","ts":1574418193.4627535,"logger":"fallback-logger","caller":"bash/main.go:65","msg":"Successfully executed command \"mkdir -p /workspace/source\""}

Showing logs for build [32mcb-kubecd-environment-pr-74-4-b-t94lq-1[0m stage [32mfrom-build-pack[0m and container [32mstep-place-tools[0m

Showing logs for build [32mcb-kubecd-environment-pr-74-4-b-t94lq-1[0m stage [32mfrom-build-pack[0m and container [32mstep-git-source-cb-kubecd-environment-pr-74-4-b-hb49s[0m
{"level":"warn","ts":1574418199.584047,"logger":"fallback-logger","caller":"logging/config.go:69","msg":"Fetch GitHub commit ID from kodata failed: \"ref: refs/heads/master\" is not a valid GitHub commit ID"}
{"level":"info","ts":1574418200.7858713,"logger":"fallback-logger","caller":"git/git.go:102","msg":"Successfully cloned https://github.com/cb-kubecd/environment-pr-74-4-boot-vault-gke-production.git @ master in path /workspace/source"}

Showing logs for build [32mcb-kubecd-environment-pr-74-4-b-t94lq-1[0m stage [32mfrom-build-pack[0m and container [32mstep-git-merge[0m
Using SHAs from PULL_REFS=master:193817bc7d9a1ce351ad1e00eabc249eba5ed77b,1:778c95b9b8672c27bf5af9aa3fa10545e255ca0f
DEBUG: ran git fetch --unshallow origin 778c95b9b8672c27bf5af9aa3fa10545e255ca0f: 193817bc7d9a1ce351ad1e00eabc249eba5ed77b: in 
DEBUG: ran git checkout master in 
DEBUG: ran git reset --hard 193817bc7d9a1ce351ad1e00eabc249eba5ed77b in 
DEBUG: ran clean --force -d . in 
DEBUG: ran git merge 778c95b9b8672c27bf5af9aa3fa10545e255ca0f in 
Merged SHA 778c95b9b8672c27bf5af9aa3fa10545e255ca0f with commit message 'chore: Promote bdd-spring-1574416677 to version 0.0.1' into base branch master

Showing logs for build [32mcb-kubecd-environment-pr-74-4-b-t94lq-1[0m stage [32mfrom-build-pack[0m and container [32mstep-build-helm-build[0m
WARNING: No $CHART_REPOSITORY defined so using the default value of: http://jenkins-x-chartmuseum:8080
Adding missing Helm repo: storage.googleapis.com https://storage.googleapis.com/chartmuseum.jenkins-x.io
Read credentials for https://storage.googleapis.com/chartmuseum.jenkins-x.io from vault helm/repos
Successfully added Helm repository storage.googleapis.com.
Adding missing Helm repo: jenkins-x-chartmuseum http://jenkins-x-chartmuseum:8080
Read credentials for http://jenkins-x-chartmuseum:8080 from vault helm/repos
Successfully added Helm repository jenkins-x-chartmuseum.
WARNING: No $CHART_REPOSITORY defined so using the default value of: http://jenkins-x-chartmuseum:8080
Adding missing Helm repo: chartmuseum.jenkins-x.io http://chartmuseum.jenkins-x.io
Read credentials for http://chartmuseum.jenkins-x.io from vault helm/repos
Successfully added Helm repository chartmuseum.jenkins-x.io.
